s6-rc: info: service s6rc-oneshot-runner: starting
s6-rc: info: service s6rc-oneshot-runner successfully started
s6-rc: info: service base-addon-banner: starting

[34m-----------------------------------------------------------[0m
[34m Add-on: CUPS Print Server[0m
[34m The CUPS (Common UNIX Printing System) print server package with drivers included and Avahi[0m
[34m-----------------------------------------------------------[0m
[34m Add-on version: 1.0.4[0m
[32m You are running the latest version of this add-on.[0m
[34m System: Home Assistant OS 17.1  (amd64 / generic-x86-64)[0m
[34m Home Assistant Core: 2026.2.2[0m
[34m Home Assistant Supervisor: 2026.02.2[0m
[34m-----------------------------------------------------------[0m
[34m Please, share the above information when looking for help[0m
[34m or support in, e.g., GitHub, forums or the Discord chat.[0m
[34m-----------------------------------------------------------[0m
s6-rc: info: service base-addon-banner successfully started
s6-rc: info: service fix-attrs: starting
s6-rc: info: service base-addon-timezone: starting
s6-rc: info: service base-addon-log-level: starting
s6-rc: info: service fix-attrs successfully started
[04:30:55] INFO: [32mConfiguring timezone (Europe/London)...[0m
s6-rc: info: service base-addon-log-level successfully started
s6-rc: info: service base-addon-timezone successfully started
s6-rc: info: service legacy-cont-init: starting
s6-rc: info: service legacy-cont-init successfully started
s6-rc: info: service initialization: starting
s6-rc: info: service initialization successfully started
s6-rc: info: service cups-config: starting
s6-rc: info: service dbus-daemon: starting
s6-rc-oneshot-run: fatal: unable to exec bashio::log.info: No such file or directory
s6-rc: warning: unable to start service cups-config: command exited 127
s6-rc: info: service dbus-daemon successfully started
/run/s6/basedir/scripts/rc.init: warning: s6-rc failed to properly bring all the services up! Check your logs (in /run/uncaught-logs/current if you have in-container logging) for more information.
/run/s6/basedir/scripts/rc.init: fatal: stopping the container.
s6-rc: info: service dbus-daemon: stopping
s6-rc: info: service dbus-daemon successfully stopped
s6-rc: info: service initialization: stopping
s6-rc: info: service initialization successfully stopped
s6-rc: info: service legacy-cont-init: stopping
s6-rc: info: service legacy-cont-init successfully stopped
s6-rc: info: service fix-attrs: stopping
s6-rc: info: service base-addon-timezone: stopping
s6-rc: info: service base-addon-log-level: stopping
s6-rc: info: service base-addon-timezone successfully stopped
s6-rc: info: service fix-attrs successfully stopped
s6-rc: info: service base-addon-log-level successfully stopped
s6-rc: info: service base-addon-banner: stopping
s6-rc: info: service base-addon-banner successfully stopped
s6-rc: info: service s6rc-oneshot-runner: stopping
s6-rc: info: service s6rc-oneshot-runner successfully stopped
s6-rc: info: service s6rc-oneshot-runner: starting
s6-rc: info: service s6rc-oneshot-runner successfully started
s6-rc: info: service base-addon-banner: starting

[34m-----------------------------------------------------------[0m
[34m Add-on: CUPS Print Server[0m
[34m The CUPS (Common UNIX Printing System) print server package with drivers included and Avahi[0m
[34m-----------------------------------------------------------[0m
[34m Add-on version: 1.0.4[0m
[32m You are running the latest version of this add-on.[0m
[34m System: Home Assistant OS 17.1  (amd64 / generic-x86-64)[0m
[34m Home Assistant Core: 2026.2.2[0m
[34m Home Assistant Supervisor: 2026.02.2[0m
[34m-----------------------------------------------------------[0m
[34m Please, share the above information when looking for help[0m
[34m or support in, e.g., GitHub, forums or the Discord chat.[0m
[34m-----------------------------------------------------------[0m
s6-rc: info: service base-addon-banner successfully started
s6-rc: info: service fix-attrs: starting
s6-rc: info: service base-addon-timezone: starting
s6-rc: info: service base-addon-log-level: starting
s6-rc: info: service fix-attrs successfully started
[04:31:01] INFO: [32mConfiguring timezone (Europe/London)...[0m
s6-rc: info: service base-addon-log-level successfully started
s6-rc: info: service base-addon-timezone successfully started
s6-rc: info: service legacy-cont-init: starting
s6-rc: info: service legacy-cont-init successfully started
s6-rc: info: service initialization: starting
s6-rc: info: service initialization successfully started
s6-rc: info: service cups-config: starting
s6-rc: info: service dbus-daemon: starting
s6-rc-oneshot-run: fatal: unable to exec bashio::log.info: No such file or directory
s6-rc: warning: unable to start service cups-config: command exited 127
s6-rc: info: service dbus-daemon successfully started
/run/s6/basedir/scripts/rc.init: warning: s6-rc failed to properly bring all the services up! Check your logs (in /run/uncaught-logs/current if you have in-container logging) for more information.
/run/s6/basedir/scripts/rc.init: fatal: stopping the container.
s6-rc: info: service dbus-daemon: stopping
s6-rc: info: service dbus-daemon successfully stopped
s6-rc: info: service initialization: stopping
s6-rc: info: service initialization successfully stopped
s6-rc: info: service legacy-cont-init: stopping
s6-rc: info: service legacy-cont-init successfully stopped
s6-rc: info: service fix-attrs: stopping
s6-rc: info: service base-addon-timezone: stopping
s6-rc: info: service base-addon-log-level: stopping
s6-rc: info: service fix-attrs successfully stopped
s6-rc: info: service base-addon-log-level successfully stopped
s6-rc: info: service base-addon-timezone successfully stopped
s6-rc: info: service base-addon-banner: stopping
s6-rc: info: service base-addon-banner successfully stopped
s6-rc: info: service s6rc-oneshot-runner: stopping
s6-rc: info: service s6rc-oneshot-runner successfully stopped
s6-rc: info: service s6rc-oneshot-runner: starting
s6-rc: info: service s6rc-oneshot-runner successfully started
s6-rc: info: service base-addon-banner: starting

[34m-----------------------------------------------------------[0m
[34m Add-on: CUPS Print Server[0m
[34m The CUPS (Common UNIX Printing System) print server package with drivers included and Avahi[0m
[34m-----------------------------------------------------------[0m
[34m Add-on version: 1.0.4[0m
[32m You are running the latest version of this add-on.[0m
[34m System: Home Assistant OS 17.1  (amd64 / generic-x86-64)[0m
[34m Home Assistant Core: 2026.2.2[0m
[34m Home Assistant Supervisor: 2026.02.2[0m
[34m-----------------------------------------------------------[0m
[34m Please, share the above information when looking for help[0m
[34m or support in, e.g., GitHub, forums or the Discord chat.[0m
[34m-----------------------------------------------------------[0m
s6-rc: info: service base-addon-banner successfully started
s6-rc: info: service fix-attrs: starting
s6-rc: info: service base-addon-timezone: starting
s6-rc: info: service base-addon-log-level: starting
s6-rc: info: service fix-attrs successfully started
[04:31:06] INFO: [32mConfiguring timezone (Europe/London)...[0m
s6-rc: info: service base-addon-log-level successfully started
s6-rc: info: service base-addon-timezone successfully started
s6-rc: info: service legacy-cont-init: starting
s6-rc: info: service legacy-cont-init successfully started
s6-rc: info: service initialization: starting
s6-rc: info: service initialization successfully started
s6-rc: info: service cups-config: starting
s6-rc: info: service dbus-daemon: starting
s6-rc-oneshot-run: fatal: unable to exec bashio::log.info: No such file or directory
s6-rc: warning: unable to start service cups-config: command exited 127
s6-rc: info: service dbus-daemon successfully started
/run/s6/basedir/scripts/rc.init: warning: s6-rc failed to properly bring all the services up! Check your logs (in /run/uncaught-logs/current if you have in-container logging) for more information.
/run/s6/basedir/scripts/rc.init: fatal: stopping the container.
s6-rc: info: service dbus-daemon: stopping
s6-rc: info: service dbus-daemon successfully stopped
s6-rc: info: service initialization: stopping
s6-rc: info: service initialization successfully stopped
s6-rc: info: service legacy-cont-init: stopping
s6-rc: info: service legacy-cont-init successfully stopped
s6-rc: info: service fix-attrs: stopping
s6-rc: info: service base-addon-timezone: stopping
s6-rc: info: service base-addon-log-level: stopping
s6-rc: info: service fix-attrs successfully stopped
s6-rc: info: service base-addon-timezone successfully stopped
s6-rc: info: service base-addon-log-level successfully stopped
s6-rc: info: service base-addon-banner: stopping
s6-rc: info: service base-addon-banner successfully stopped
s6-rc: info: service s6rc-oneshot-runner: stopping
s6-rc: info: service s6rc-oneshot-runner successfully stopped
s6-rc: info: service s6rc-oneshot-runner: starting
s6-rc: info: service s6rc-oneshot-runner successfully started
s6-rc: info: service base-addon-banner: starting

[34m-----------------------------------------------------------[0m
[34m Add-on: CUPS Print Server[0m
[34m The CUPS (Common UNIX Printing System) print server package with drivers included and Avahi[0m
[34m-----------------------------------------------------------[0m
[34m Add-on version: 1.0.4[0m
[32m You are running the latest version of this add-on.[0m
[34m System: Home Assistant OS 17.1  (amd64 / generic-x86-64)[0m
[34m Home Assistant Core: 2026.2.2[0m
[34m Home Assistant Supervisor: 2026.02.2[0m
[34m-----------------------------------------------------------[0m
[34m Please, share the above information when looking for help[0m
[34m or support in, e.g., GitHub, forums or the Discord chat.[0m
[34m-----------------------------------------------------------[0m
s6-rc: info: service base-addon-banner successfully started
s6-rc: info: service fix-attrs: starting
s6-rc: info: service base-addon-timezone: starting
s6-rc: info: service base-addon-log-level: starting
s6-rc: info: service fix-attrs successfully started
[04:31:12] INFO: [32mConfiguring timezone (Europe/London)...[0m
s6-rc: info: service base-addon-log-level successfully started
s6-rc: info: service base-addon-timezone successfully started
s6-rc: info: service legacy-cont-init: starting
s6-rc: info: service legacy-cont-init successfully started
s6-rc: info: service initialization: starting
s6-rc: info: service initialization successfully started
s6-rc: info: service cups-config: starting
s6-rc: info: service dbus-daemon: starting
s6-rc-oneshot-run: fatal: unable to exec bashio::log.info: No such file or directory
s6-rc: warning: unable to start service cups-config: command exited 127
s6-rc: info: service dbus-daemon successfully started
/run/s6/basedir/scripts/rc.init: warning: s6-rc failed to properly bring all the services up! Check your logs (in /run/uncaught-logs/current if you have in-container logging) for more information.
/run/s6/basedir/scripts/rc.init: fatal: stopping the container.
s6-rc: info: service dbus-daemon: stopping
s6-rc: info: service dbus-daemon successfully stopped
s6-rc: info: service initialization: stopping
s6-rc: info: service initialization successfully stopped
s6-rc: info: service legacy-cont-init: stopping
s6-rc: info: service legacy-cont-init successfully stopped
s6-rc: info: service fix-attrs: stopping
s6-rc: info: service base-addon-timezone: stopping
s6-rc: info: service base-addon-log-level: stopping
s6-rc: info: service fix-attrs successfully stopped
s6-rc: info: service base-addon-timezone successfully stopped
s6-rc: info: service base-addon-log-level successfully stopped
s6-rc: info: service base-addon-banner: stopping
s6-rc: info: service base-addon-banner successfully stopped
s6-rc: info: service s6rc-oneshot-runner: stopping
s6-rc: info: service s6rc-oneshot-runner successfully stopped
s6-rc: info: service s6rc-oneshot-runner: starting
s6-rc: info: service s6rc-oneshot-runner successfully started
s6-rc: info: service base-addon-banner: starting

[34m-----------------------------------------------------------[0m
[34m Add-on: CUPS Print Server[0m
[34m The CUPS (Common UNIX Printing System) print server package with drivers included and Avahi[0m
[34m-----------------------------------------------------------[0m
[34m Add-on version: 1.0.4[0m
[32m You are running the latest version of this add-on.[0m
[34m System: Home Assistant OS 17.1  (amd64 / generic-x86-64)[0m
[34m Home Assistant Core: 2026.2.2[0m
[34m Home Assistant Supervisor: 2026.02.2[0m
[34m-----------------------------------------------------------[0m
[34m Please, share the above information when looking for help[0m
[34m or support in, e.g., GitHub, forums or the Discord chat.[0m
[34m-----------------------------------------------------------[0m
s6-rc: info: service base-addon-banner successfully started
s6-rc: info: service fix-attrs: starting
s6-rc: info: service base-addon-timezone: starting
s6-rc: info: service base-addon-log-level: starting
s6-rc: info: service fix-attrs successfully started
[04:31:18] INFO: [32mConfiguring timezone (Europe/London)...[0m
s6-rc: info: service base-addon-log-level successfully started
s6-rc: info: service base-addon-timezone successfully started
s6-rc: info: service legacy-cont-init: starting
s6-rc: info: service legacy-cont-init successfully started
s6-rc: info: service initialization: starting
s6-rc: info: service initialization successfully started
s6-rc: info: service cups-config: starting
s6-rc: info: service dbus-daemon: starting
s6-rc-oneshot-run: fatal: unable to exec bashio::log.info: No such file or directory
s6-rc: warning: unable to start service cups-config: command exited 127
s6-rc: info: service dbus-daemon successfully started
/run/s6/basedir/scripts/rc.init: warning: s6-rc failed to properly bring all the services up! Check your logs (in /run/uncaught-logs/current if you have in-container logging) for more information.
/run/s6/basedir/scripts/rc.init: fatal: stopping the container.
s6-rc: info: service dbus-daemon: stopping
s6-rc: info: service dbus-daemon successfully stopped
s6-rc: info: service initialization: stopping
s6-rc: info: service initialization successfully stopped
s6-rc: info: service legacy-cont-init: stopping
s6-rc: info: service legacy-cont-init successfully stopped
s6-rc: info: service fix-attrs: stopping
s6-rc: info: service base-addon-timezone: stopping
s6-rc: info: service base-addon-log-level: stopping
s6-rc: info: service fix-attrs successfully stopped
s6-rc: info: service base-addon-timezone successfully stopped
s6-rc: info: service base-addon-log-level successfully stopped
s6-rc: info: service base-addon-banner: stopping
s6-rc: info: service base-addon-banner successfully stopped
s6-rc: info: service s6rc-oneshot-runner: stopping
s6-rc: info: service s6rc-oneshot-runner successfully stopped
s6-rc: info: service s6rc-oneshot-runner: starting
s6-rc: info: service s6rc-oneshot-runner successfully started
s6-rc: info: service base-addon-banner: starting

[34m-----------------------------------------------------------[0m
[34m Add-on: CUPS Print Server[0m
[34m The CUPS (Common UNIX Printing System) print server package with drivers included and Avahi[0m
[34m-----------------------------------------------------------[0m
[34m Add-on version: 1.0.4[0m
[32m You are running the latest version of this add-on.[0m
[34m System: Home Assistant OS 17.1  (amd64 / generic-x86-64)[0m
[34m Home Assistant Core: 2026.2.2[0m
[34m Home Assistant Supervisor: 2026.02.2[0m
[34m-----------------------------------------------------------[0m
[34m Please, share the above information when looking for help[0m
[34m or support in, e.g., GitHub, forums or the Discord chat.[0m
[34m-----------------------------------------------------------[0m
s6-rc: info: service base-addon-banner successfully started
s6-rc: info: service fix-attrs: starting
s6-rc: info: service base-addon-timezone: starting
s6-rc: info: service base-addon-log-level: starting
s6-rc: info: service fix-attrs successfully started
[04:31:24] INFO: [32mConfiguring timezone (Europe/London)...[0m
s6-rc: info: service base-addon-log-level successfully started
s6-rc: info: service base-addon-timezone successfully started
s6-rc: info: service legacy-cont-init: starting
s6-rc: info: service legacy-cont-init successfully started
s6-rc: info: service initialization: starting
s6-rc: info: service initialization successfully started
s6-rc: info: service cups-config: starting
s6-rc: info: service dbus-daemon: starting
s6-rc-oneshot-run: fatal: unable to exec bashio::log.info: No such file or directory
s6-rc: warning: unable to start service cups-config: command exited 127
s6-rc: info: service dbus-daemon successfully started
/run/s6/basedir/scripts/rc.init: warning: s6-rc failed to properly bring all the services up! Check your logs (in /run/uncaught-logs/current if you have in-container logging) for more information.
/run/s6/basedir/scripts/rc.init: fatal: stopping the container.
s6-rc: info: service dbus-daemon: stopping
s6-rc: info: service dbus-daemon successfully stopped
s6-rc: info: service initialization: stopping
s6-rc: info: service initialization successfully stopped
s6-rc: info: service legacy-cont-init: stopping
s6-rc: info: service legacy-cont-init successfully stopped
s6-rc: info: service fix-attrs: stopping
s6-rc: info: service base-addon-timezone: stopping
s6-rc: info: service base-addon-log-level: stopping
s6-rc: info: service fix-attrs successfully stopped
s6-rc: info: service base-addon-timezone successfully stopped
s6-rc: info: service base-addon-log-level successfully stopped
s6-rc: info: service base-addon-banner: stopping
s6-rc: info: service base-addon-banner successfully stopped
s6-rc: info: service s6rc-oneshot-runner: stopping
s6-rc: info: service s6rc-oneshot-runner successfully stopped
s6-rc: info: service s6rc-oneshot-runner: starting
s6-rc: info: service s6rc-oneshot-runner successfully started
s6-rc: info: service base-addon-banner: starting

[34m-----------------------------------------------------------[0m
[34m Add-on: CUPS Print Server[0m
[34m The CUPS (Common UNIX Printing System) print server package with drivers included and Avahi[0m
[34m-----------------------------------------------------------[0m
[34m Add-on version: 1.0.4[0m
[32m You are running the latest version of this add-on.[0m
[34m System: Home Assistant OS 17.1  (amd64 / generic-x86-64)[0m
[34m Home Assistant Core: 2026.2.2[0m
[34m Home Assistant Supervisor: 2026.02.2[0m
[34m-----------------------------------------------------------[0m
[34m Please, share the above information when looking for help[0m
[34m or support in, e.g., GitHub, forums or the Discord chat.[0m
[34m-----------------------------------------------------------[0m
s6-rc: info: service base-addon-banner successfully started
s6-rc: info: service fix-attrs: starting
s6-rc: info: service base-addon-timezone: starting
s6-rc: info: service base-addon-log-level: starting
s6-rc: info: service fix-attrs successfully started
[04:31:29] INFO: [32mConfiguring timezone (Europe/London)...[0m
s6-rc: info: service base-addon-log-level successfully started
s6-rc: info: service base-addon-timezone successfully started
s6-rc: info: service legacy-cont-init: starting
s6-rc: info: service legacy-cont-init successfully started
s6-rc: info: service initialization: starting
s6-rc: info: service initialization successfully started
s6-rc: info: service cups-config: starting
s6-rc: info: service dbus-daemon: starting
s6-rc-oneshot-run: fatal: unable to exec bashio::log.info: No such file or directory
s6-rc: warning: unable to start service cups-config: command exited 127
s6-rc: info: service dbus-daemon successfully started
/run/s6/basedir/scripts/rc.init: warning: s6-rc failed to properly bring all the services up! Check your logs (in /run/uncaught-logs/current if you have in-container logging) for more information.
/run/s6/basedir/scripts/rc.init: fatal: stopping the container.
s6-rc: info: service dbus-daemon: stopping
s6-rc: info: service dbus-daemon successfully stopped
s6-rc: info: service initialization: stopping
s6-rc: info: service initialization successfully stopped
s6-rc: info: service legacy-cont-init: stopping
s6-rc: info: service legacy-cont-init successfully stopped
s6-rc: info: service fix-attrs: stopping
s6-rc: info: service base-addon-timezone: stopping
s6-rc: info: service base-addon-log-level: stopping
s6-rc: info: service fix-attrs successfully stopped
s6-rc: info: service base-addon-timezone successfully stopped
s6-rc: info: service base-addon-log-level successfully stopped
s6-rc: info: service base-addon-banner: stopping
s6-rc: info: service base-addon-banner successfully stopped
s6-rc: info: service s6rc-oneshot-runner: stopping
s6-rc: info: service s6rc-oneshot-runner successfully stopped
s6-rc: info: service s6rc-oneshot-runner: starting
s6-rc: info: service s6rc-oneshot-runner successfully started
s6-rc: info: service base-addon-banner: starting

[34m-----------------------------------------------------------[0m
[34m Add-on: CUPS Print Server[0m
[34m The CUPS (Common UNIX Printing System) print server package with drivers included and Avahi[0m
[34m-----------------------------------------------------------[0m
[34m Add-on version: 1.0.4[0m
[32m You are running the latest version of this add-on.[0m
[34m System: Home Assistant OS 17.1  (amd64 / generic-x86-64)[0m
[34m Home Assistant Core: 2026.2.2[0m
[34m Home Assistant Supervisor: 2026.02.2[0m
[34m-----------------------------------------------------------[0m
[34m Please, share the above information when looking for help[0m
[34m or support in, e.g., GitHub, forums or the Discord chat.[0m
[34m-----------------------------------------------------------[0m
s6-rc: info: service base-addon-banner successfully started
s6-rc: info: service fix-attrs: starting
s6-rc: info: service base-addon-timezone: starting
s6-rc: info: service base-addon-log-level: starting
s6-rc: info: service fix-attrs successfully started
[04:31:35] INFO: [32mConfiguring timezone (Europe/London)...[0m
s6-rc: info: service base-addon-log-level successfully started
s6-rc: info: service base-addon-timezone successfully started
s6-rc: info: service legacy-cont-init: starting
s6-rc: info: service legacy-cont-init successfully started
s6-rc: info: service initialization: starting
s6-rc: info: service initialization successfully started
s6-rc: info: service cups-config: starting
s6-rc: info: service dbus-daemon: starting
s6-rc-oneshot-run: fatal: unable to exec bashio::log.info: No such file or directory
s6-rc: warning: unable to start service cups-config: command exited 127
s6-rc: info: service dbus-daemon successfully started
/run/s6/basedir/scripts/rc.init: warning: s6-rc failed to properly bring all the services up! Check your logs (in /run/uncaught-logs/current if you have in-container logging) for more information.
/run/s6/basedir/scripts/rc.init: fatal: stopping the container.
s6-rc: info: service dbus-daemon: stopping
s6-rc: info: service dbus-daemon successfully stopped
s6-rc: info: service initialization: stopping
s6-rc: info: service initialization successfully stopped
s6-rc: info: service legacy-cont-init: stopping
s6-rc: info: service legacy-cont-init successfully stopped
s6-rc: info: service fix-attrs: stopping
s6-rc: info: service base-addon-timezone: stopping
s6-rc: info: service base-addon-log-level: stopping
s6-rc: info: service fix-attrs successfully stopped
s6-rc: info: service base-addon-timezone successfully stopped
s6-rc: info: service base-addon-log-level successfully stopped
s6-rc: info: service base-addon-banner: stopping
s6-rc: info: service base-addon-banner successfully stopped
s6-rc: info: service s6rc-oneshot-runner: stopping
s6-rc: info: service s6rc-oneshot-runner successfully stopped
s6-rc: info: service s6rc-oneshot-runner: starting
s6-rc: info: service s6rc-oneshot-runner successfully started
s6-rc: info: service base-addon-banner: starting

[34m-----------------------------------------------------------[0m
[34m Add-on: CUPS Print Server[0m
[34m The CUPS (Common UNIX Printing System) print server package with drivers included and Avahi[0m
[34m-----------------------------------------------------------[0m
[34m Add-on version: 1.0.4[0m
[32m You are running the latest version of this add-on.[0m
[34m System: Home Assistant OS 17.1  (amd64 / generic-x86-64)[0m
[34m Home Assistant Core: 2026.2.2[0m
[34m Home Assistant Supervisor: 2026.02.2[0m
[34m-----------------------------------------------------------[0m
[34m Please, share the above information when looking for help[0m
[34m or support in, e.g., GitHub, forums or the Discord chat.[0m
[34m-----------------------------------------------------------[0m
s6-rc: info: service base-addon-banner successfully started
s6-rc: info: service fix-attrs: starting
s6-rc: info: service base-addon-timezone: starting
s6-rc: info: service base-addon-log-level: starting
s6-rc: info: service fix-attrs successfully started
[04:31:41] INFO: [32mConfiguring timezone (Europe/London)...[0m
s6-rc: info: service base-addon-log-level successfully started
s6-rc: info: service base-addon-timezone successfully started
s6-rc: info: service legacy-cont-init: starting
s6-rc: info: service legacy-cont-init successfully started
s6-rc: info: service initialization: starting
s6-rc: info: service initialization successfully started
s6-rc: info: service cups-config: starting
s6-rc: info: service dbus-daemon: starting
s6-rc-oneshot-run: fatal: unable to exec bashio::log.info: No such file or directory
s6-rc: warning: unable to start service cups-config: command exited 127
s6-rc: info: service dbus-daemon successfully started
/run/s6/basedir/scripts/rc.init: warning: s6-rc failed to properly bring all the services up! Check your logs (in /run/uncaught-logs/current if you have in-container logging) for more information.
/run/s6/basedir/scripts/rc.init: fatal: stopping the container.
s6-rc: info: service dbus-daemon: stopping
s6-rc: info: service dbus-daemon successfully stopped
s6-rc: info: service initialization: stopping
s6-rc: info: service initialization successfully stopped
s6-rc: info: service legacy-cont-init: stopping
s6-rc: info: service legacy-cont-init successfully stopped
s6-rc: info: service fix-attrs: stopping
s6-rc: info: service base-addon-timezone: stopping
s6-rc: info: service base-addon-log-level: stopping
s6-rc: info: service fix-attrs successfully stopped
s6-rc: info: service base-addon-timezone successfully stopped
s6-rc: info: service base-addon-log-level successfully stopped
s6-rc: info: service base-addon-banner: stopping
s6-rc: info: service base-addon-banner successfully stopped
s6-rc: info: service s6rc-oneshot-runner: stopping
s6-rc: info: service s6rc-oneshot-runner successfully stopped
s6-rc: info: service s6rc-oneshot-runner: starting
s6-rc: info: service s6rc-oneshot-runner successfully started
s6-rc: info: service base-addon-banner: starting

[34m-----------------------------------------------------------[0m
[34m Add-on: CUPS Print Server[0m
[34m The CUPS (Common UNIX Printing System) print server package with drivers included and Avahi[0m
[34m-----------------------------------------------------------[0m
[34m Add-on version: 1.0.4[0m
[32m You are running the latest version of this add-on.[0m
[34m System: Home Assistant OS 17.1  (amd64 / generic-x86-64)[0m
[34m Home Assistant Core: 2026.2.2[0m
[34m Home Assistant Supervisor: 2026.02.2[0m
[34m-----------------------------------------------------------[0m
[34m Please, share the above information when looking for help[0m
[34m or support in, e.g., GitHub, forums or the Discord chat.[0m
[34m-----------------------------------------------------------[0m
s6-rc: info: service base-addon-banner successfully started
s6-rc: info: service fix-attrs: starting
s6-rc: info: service base-addon-timezone: starting
s6-rc: info: service base-addon-log-level: starting
s6-rc: info: service fix-attrs successfully started
[04:31:47] INFO: [32mConfiguring timezone (Europe/London)...[0m
s6-rc: info: service base-addon-log-level successfully started
s6-rc: info: service base-addon-timezone successfully started
s6-rc: info: service legacy-cont-init: starting
s6-rc: info: service legacy-cont-init successfully started
s6-rc: info: service initialization: starting
s6-rc: info: service initialization successfully started
s6-rc: info: service cups-config: starting
s6-rc: info: service dbus-daemon: starting
s6-rc-oneshot-run: fatal: unable to exec bashio::log.info: No such file or directory
s6-rc: warning: unable to start service cups-config: command exited 127
s6-rc: info: service dbus-daemon successfully started
/run/s6/basedir/scripts/rc.init: warning: s6-rc failed to properly bring all the services up! Check your logs (in /run/uncaught-logs/current if you have in-container logging) for more information.
/run/s6/basedir/scripts/rc.init: fatal: stopping the container.
s6-rc: info: service dbus-daemon: stopping
s6-rc: info: service dbus-daemon successfully stopped
s6-rc: info: service initialization: stopping
s6-rc: info: service initialization successfully stopped
s6-rc: info: service legacy-cont-init: stopping
s6-rc: info: service legacy-cont-init successfully stopped
s6-rc: info: service fix-attrs: stopping
s6-rc: info: service base-addon-timezone: stopping
s6-rc: info: service base-addon-log-level: stopping
s6-rc: info: service fix-attrs successfully stopped
s6-rc: info: service base-addon-log-level successfully stopped
s6-rc: info: service base-addon-timezone successfully stopped
s6-rc: info: service base-addon-banner: stopping
s6-rc: info: service base-addon-banner successfully stopped
s6-rc: info: service s6rc-oneshot-runner: stopping
s6-rc: info: service s6rc-oneshot-runner successfully stopped
